# JRE version: OpenJDK Runtime Environment (25.0.1+8) (build 25.0.1+8-27)
# Java VM: OpenJDK 64-Bit Server VM (25.0.1+8-27, mixed mode, sharing, tiered, compressed oops, compressed class ptrs, g1 gc, windows-amd64)
GC Precious Log:
 CardTable entry size: 512
 Card Set container configuration: InlinePtr #cards 5 size 8 Array Of Cards #cards 10 size 36 Howl #buckets 4 coarsen threshold 1843 Howl Bitmap #cards 512 size 80 coarsen threshold 460 Card regions per heap region 1 cards per card region 2048
 CPUs: 12 total, 12 available
 Memory: 3767M
 Large Page Support: Disabled
 NUMA Support: Disabled
 Compressed Oops: Enabled (32-bit)
 Heap Region Size: 1M
 Heap Min Capacity: 8M
 Heap Initial Capacity: 60M
 Heap Max Capacity: 942M
 Pre-touch: Disabled
 Parallel Workers: 10
 Concurrent Workers: 3
 Concurrent Refinement Workers: 10
 Periodic GC: Disabled
Heap:
 garbage-first heap   total reserved 964608K, committed 61440K, used 34104K [0x00000000c5200000, 0x0000000100000000)
  region size 1024K, 9 young (9216K), 4 survivors (4096K)
GC Heap Usage History (20 events):
Event: 2.373 {heap Before GC invocations=2 (full 0):
 garbage-first heap   total reserved 964608K, committed 63488K, used 37691K [0x00000000c5200000, 0x0000000100000000)
  region size 1024K, 29 young (29696K), 2 survivors (2048K)
}
Event: 2.383 {heap After GC invocations=3 (full 0):
 garbage-first heap   total reserved 964608K, committed 63488K, used 15054K [0x00000000c5200000, 0x0000000100000000)
  region size 1024K, 4 young (4096K), 4 survivors (4096K)
}
Event: 2.601 {heap Before GC invocations=3 (full 0):
 garbage-first heap   total reserved 964608K, committed 63488K, used 25294K [0x00000000c5200000, 0x0000000100000000)
  region size 1024K, 15 young (15360K), 4 survivors (4096K)
}
Event: 2.615 {heap After GC invocations=4 (full 0):
 garbage-first heap   total reserved 964608K, committed 63488K, used 16783K [0x00000000c5200000, 0x0000000100000000)
  region size 1024K, 2 young (2048K), 2 survivors (2048K)
}
Event: 3.533 {heap Before GC invocations=5 (full 0):
 garbage-first heap   total reserved 964608K, committed 61440K, used 44431K [0x00000000c5200000, 0x0000000100000000)
  region size 1024K, 29 young (29696K), 2 survivors (2048K)
}
Event: 3.542 {heap After GC invocations=6 (full 0):
 garbage-first heap   total reserved 964608K, committed 61440K, used 19019K [0x00000000c5200000, 0x0000000100000000)
  region size 1024K, 4 young (4096K), 4 survivors (4096K)
}
Event: 4.762 {heap Before GC invocations=6 (full 0):
 garbage-first heap   total reserved 964608K, committed 61440K, used 44619K [0x00000000c5200000, 0x0000000100000000)
  region size 1024K, 30 young (30720K), 4 survivors (4096K)
}
Event: 4.768 {heap After GC invocations=7 (full 0):
 garbage-first heap   total reserved 964608K, committed 61440K, used 21396K [0x00000000c5200000, 0x0000000100000000)
  region size 1024K, 3 young (3072K), 3 survivors (3072K)
}
Event: 5.627 {heap Before GC invocations=7 (full 0):
 garbage-first heap   total reserved 964608K, committed 61440K, used 37780K [0x00000000c5200000, 0x0000000100000000)
  region size 1024K, 20 young (20480K), 3 survivors (3072K)
}
Event: 5.632 {heap After GC invocations=8 (full 0):
 garbage-first heap   total reserved 964608K, committed 61440K, used 23102K [0x00000000c5200000, 0x0000000100000000)
  region size 1024K, 2 young (2048K), 2 survivors (2048K)
}
Event: 6.646 {heap Before GC invocations=9 (full 0):
 garbage-first heap   total reserved 964608K, committed 61440K, used 48702K [0x00000000c5200000, 0x0000000100000000)
  region size 1024K, 28 young (28672K), 2 survivors (2048K)
}
Event: 6.651 {heap After GC invocations=10 (full 0):
 garbage-first heap   total reserved 964608K, committed 61440K, used 25257K [0x00000000c5200000, 0x0000000100000000)
  region size 1024K, 4 young (4096K), 4 survivors (4096K)
}
Event: 7.706 {heap Before GC invocations=10 (full 0):
 garbage-first heap   total reserved 964608K, committed 61440K, used 49833K [0x00000000c5200000, 0x0000000100000000)
  region size 1024K, 29 young (29696K), 4 survivors (4096K)
}
Event: 7.712 {heap After GC invocations=11 (full 0):
 garbage-first heap   total reserved 964608K, committed 61440K, used 26113K [0x00000000c5200000, 0x0000000100000000)
  region size 1024K, 2 young (2048K), 2 survivors (2048K)
}
Event: 8.732 {heap Before GC invocations=11 (full 0):
 garbage-first heap   total reserved 964608K, committed 61440K, used 50689K [0x00000000c5200000, 0x0000000100000000)
  region size 1024K, 27 young (27648K), 2 survivors (2048K)
}
Event: 8.738 {heap After GC invocations=12 (full 0):
 garbage-first heap   total reserved 964608K, committed 61440K, used 27689K [0x00000000c5200000, 0x0000000100000000)
  region size 1024K, 3 young (3072K), 3 survivors (3072K)
}
Event: 9.837 {heap Before GC invocations=13 (full 0):
 garbage-first heap   total reserved 964608K, committed 61440K, used 53289K [0x00000000c5200000, 0x0000000100000000)
  region size 1024K, 28 young (28672K), 3 survivors (3072K)
}
Event: 9.842 {heap After GC invocations=14 (full 0):
 garbage-first heap   total reserved 964608K, committed 61440K, used 29962K [0x00000000c5200000, 0x0000000100000000)
  region size 1024K, 4 young (4096K), 4 survivors (4096K)
}
Event: 274.068 {heap Before GC invocations=14 (full 0):
 garbage-first heap   total reserved 964608K, committed 61440K, used 54538K [0x00000000c5200000, 0x0000000100000000)
  region size 1024K, 28 young (28672K), 4 survivors (4096K)
}
Event: 274.152 {heap After GC invocations=15 (full 0):
 garbage-first heap   total reserved 964608K, committed 61440K, used 31032K [0x00000000c5200000, 0x0000000100000000)
  region size 1024K, 4 young (4096K), 4 survivors (4096K)
}

